-outxml
-source
1.6
-target
1.6
-classpath
C:\Users\Bhavesh Patel\.m2\repository\aopalliance\aopalliance\1.0\aopalliance-1.0.jar;C:\Users\Bhavesh Patel\.m2\repository\bouncycastle\bcmail-jdk14\138\bcmail-jdk14-138.jar;C:\Users\Bhavesh Patel\.m2\repository\bouncycastle\bcprov-jdk14\138\bcprov-jdk14-138.jar;C:\Users\Bhavesh Patel\.m2\repository\com\lowagie\itext\2.1.7\itext-2.1.7.jar;C:\Users\Bhavesh Patel\.m2\repository\commons-fileupload\commons-fileupload\1.2.1\commons-fileupload-1.2.1.jar;C:\Users\Bhavesh Patel\.m2\repository\commons-io\commons-io\1.4\commons-io-1.4.jar;C:\Users\Bhavesh Patel\.m2\repository\javax\activation\activation\1.1\activation-1.1.jar;C:\Users\Bhavesh Patel\.m2\repository\javax\inject\javax.inject\1\javax.inject-1.jar;C:\Users\Bhavesh Patel\.m2\repository\javax\mail\mail\1.4.1\mail-1.4.1.jar;C:\Users\Bhavesh Patel\.m2\repository\javax\persistence\persistence-api\1.0.2\persistence-api-1.0.2.jar;C:\Users\Bhavesh Patel\.m2\repository\javax\servlet\jstl\1.2\jstl-1.2.jar;C:\Users\Bhavesh Patel\.m2\repository\javax\servlet\servlet-api\2.5\servlet-api-2.5.jar;C:\Users\Bhavesh Patel\.m2\repository\javax\servlet\jsp\jsp-api\2.1\jsp-api-2.1.jar;C:\Users\Bhavesh Patel\.m2\repository\joda-time\joda-time\2.9.3\joda-time-2.9.3.jar;C:\Users\Bhavesh Patel\.m2\repository\junit\junit\4.7\junit-4.7.jar;C:\Users\Bhavesh Patel\.m2\repository\log4j\log4j\1.2.15\log4j-1.2.15.jar;C:\Users\Bhavesh Patel\.m2\repository\mysql\mysql-connector-java\5.1.10\mysql-connector-java-5.1.10.jar;C:\Users\Bhavesh Patel\.m2\repository\net\sf\ehcache\ehcache-core\2.4.3\ehcache-core-2.4.3.jar;C:\Users\Bhavesh Patel\.m2\repository\org\apache\commons\commons-email\1.2\commons-email-1.2.jar;C:\Users\Bhavesh Patel\.m2\repository\org\aspectj\aspectjrt\1.6.9\aspectjrt-1.6.9.jar;C:\Users\Bhavesh Patel\.m2\repository\org\bouncycastle\bcmail-jdk14\1.38\bcmail-jdk14-1.38.jar;C:\Users\Bhavesh Patel\.m2\repository\org\bouncycastle\bcprov-jdk14\1.38\bcprov-jdk14-1.38.jar;C:\Users\Bhavesh Patel\.m2\repository\org\bouncycastle\bctsp-jdk14\1.38\bctsp-jdk14-1.38.jar;C:\Users\Bhavesh Patel\.m2\repository\org\directwebremoting\dwr\3.0.1-RELEASE\dwr-3.0.1-RELEASE.jar;C:\Users\Bhavesh Patel\.m2\repository\org\hibernate\common\hibernate-commons-annotations\5.0.1.Final\hibernate-commons-annotations-5.0.1.Final.jar;C:\Users\Bhavesh Patel\.m2\repository\org\hibernate\javax\persistence\hibernate-jpa-2.0-api\1.0.1.Final\hibernate-jpa-2.0-api-1.0.1.Final.jar;C:\Users\Bhavesh Patel\.m2\repository\org\jboss\logging\jboss-logging\3.3.0.Final\jboss-logging-3.3.0.Final.jar;C:\Users\Bhavesh Patel\.m2\repository\org\json\json\20160212\json-20160212.jar;C:\Users\Bhavesh Patel\.m2\repository\org\slf4j\jcl-over-slf4j\1.5.10\jcl-over-slf4j-1.5.10.jar;C:\Users\Bhavesh Patel\.m2\repository\org\slf4j\slf4j-api\1.5.10\slf4j-api-1.5.10.jar;C:\Users\Bhavesh Patel\.m2\repository\org\slf4j\slf4j-log4j12\1.5.10\slf4j-log4j12-1.5.10.jar;C:\Users\Bhavesh Patel\.m2\repository\org\springframework\spring-aop\3.0.4.RELEASE\spring-aop-3.0.4.RELEASE.jar;C:\Users\Bhavesh Patel\.m2\repository\org\springframework\spring-asm\3.0.4.RELEASE\spring-asm-3.0.4.RELEASE.jar;C:\Users\Bhavesh Patel\.m2\repository\org\springframework\spring-beans\3.0.4.RELEASE\spring-beans-3.0.4.RELEASE.jar;C:\Users\Bhavesh Patel\.m2\repository\org\springframework\spring-context\3.0.4.RELEASE\spring-context-3.0.4.RELEASE.jar;C:\Users\Bhavesh Patel\.m2\repository\org\springframework\spring-context-support\3.0.4.RELEASE\spring-context-support-3.0.4.RELEASE.jar;C:\Users\Bhavesh Patel\.m2\repository\org\springframework\spring-core\3.0.4.RELEASE\spring-core-3.0.4.RELEASE.jar;C:\Users\Bhavesh Patel\.m2\repository\org\springframework\spring-expression\3.0.4.RELEASE\spring-expression-3.0.4.RELEASE.jar;C:\Users\Bhavesh Patel\.m2\repository\org\springframework\spring-web\3.0.4.RELEASE\spring-web-3.0.4.RELEASE.jar;C:\Users\Bhavesh Patel\.m2\repository\org\springframework\spring-webmvc\3.0.4.RELEASE\spring-webmvc-3.0.4.RELEASE.jar;C:\Users\Bhavesh Patel\.m2\repository\org\springframework\roo\org.springframework.roo.annotations\1.0.2.RELEASE\org.springframework.roo.annotations-1.0.2.RELEASE.jar;C:\Users\Bhavesh Patel\Documents\workspace-sts-3.7.3.RELEASE\WebtoolsProject\target\classes
-d
C:\Users\Bhavesh Patel\Documents\workspace-sts-3.7.3.RELEASE\WebtoolsProject\target\classes
C:\Users\Bhavesh Patel\Documents\workspace-sts-3.7.3.RELEASE\WebtoolsProject\src\main\java\com\cinema\controller\ViewTicketController.java
C:\Users\Bhavesh Patel\Documents\workspace-sts-3.7.3.RELEASE\WebtoolsProject\src\main\java\com\cinema\dao\LocationDAO.java
C:\Users\Bhavesh Patel\Documents\workspace-sts-3.7.3.RELEASE\WebtoolsProject\src\main\java\com\cinema\dao\TheatreAdminDAO.java
C:\Users\Bhavesh Patel\Documents\workspace-sts-3.7.3.RELEASE\WebtoolsProject\src\main\java\com\cinema\dao\BankAccountDAO.java
C:\Users\Bhavesh Patel\Documents\workspace-sts-3.7.3.RELEASE\WebtoolsProject\src\main\java\com\cinema\pojo\Actor.java
C:\Users\Bhavesh Patel\Documents\workspace-sts-3.7.3.RELEASE\WebtoolsProject\src\main\java\com\cinema\pojo\Actress.java
C:\Users\Bhavesh Patel\Documents\workspace-sts-3.7.3.RELEASE\WebtoolsProject\src\main\java\com\cinema\controller\ShowTimingsValidator.java
C:\Users\Bhavesh Patel\Documents\workspace-sts-3.7.3.RELEASE\WebtoolsProject\src\main\java\com\cinema\controller\AddCustomerFormController.java
C:\Users\Bhavesh Patel\Documents\workspace-sts-3.7.3.RELEASE\WebtoolsProject\src\main\java\com\cinema\pojo\Auditorium.java
C:\Users\Bhavesh Patel\Documents\workspace-sts-3.7.3.RELEASE\WebtoolsProject\src\main\java\com\cinema\pojo\Location.java
C:\Users\Bhavesh Patel\Documents\workspace-sts-3.7.3.RELEASE\WebtoolsProject\src\main\java\com\cinema\dao\DirectorDAO.java
C:\Users\Bhavesh Patel\Documents\workspace-sts-3.7.3.RELEASE\WebtoolsProject\src\main\java\com\cinema\controller\QuickBookController.java
C:\Users\Bhavesh Patel\Documents\workspace-sts-3.7.3.RELEASE\WebtoolsProject\src\main\java\com\cinema\pojo\Budget.java
C:\Users\Bhavesh Patel\Documents\workspace-sts-3.7.3.RELEASE\WebtoolsProject\src\main\java\com\cinema\Addons\PDFAndEmailSender.java
C:\Users\Bhavesh Patel\Documents\workspace-sts-3.7.3.RELEASE\WebtoolsProject\src\main\java\com\cinema\controller\AjaxController.java
C:\Users\Bhavesh Patel\Documents\workspace-sts-3.7.3.RELEASE\WebtoolsProject\src\main\java\com\cinema\Addons\PdfTicketView.java
C:\Users\Bhavesh Patel\Documents\workspace-sts-3.7.3.RELEASE\WebtoolsProject\src\main\java\com\cinema\Addons\RemoteService.java
C:\Users\Bhavesh Patel\Documents\workspace-sts-3.7.3.RELEASE\WebtoolsProject\src\main\java\com\cinema\controller\MovieValidator.java
C:\Users\Bhavesh Patel\Documents\workspace-sts-3.7.3.RELEASE\WebtoolsProject\src\main\java\com\cinema\controller\HomeController.java
C:\Users\Bhavesh Patel\Documents\workspace-sts-3.7.3.RELEASE\WebtoolsProject\src\main\java\com\cinema\controller\MovieCategoryDisplayController.java
C:\Users\Bhavesh Patel\Documents\workspace-sts-3.7.3.RELEASE\WebtoolsProject\src\main\java\com\cinema\dao\TicketDAO.java
C:\Users\Bhavesh Patel\Documents\workspace-sts-3.7.3.RELEASE\WebtoolsProject\src\main\java\com\cinema\pojo\Movie.java
C:\Users\Bhavesh Patel\Documents\workspace-sts-3.7.3.RELEASE\WebtoolsProject\src\main\java\com\cinema\Addons\EmailSender.java
C:\Users\Bhavesh Patel\Documents\workspace-sts-3.7.3.RELEASE\WebtoolsProject\src\main\java\com\cinema\Addons\RestController.java
C:\Users\Bhavesh Patel\Documents\workspace-sts-3.7.3.RELEASE\WebtoolsProject\src\main\java\com\cinema\exception\Excep.java
C:\Users\Bhavesh Patel\Documents\workspace-sts-3.7.3.RELEASE\WebtoolsProject\src\main\java\com\cinema\pojo\Director.java
C:\Users\Bhavesh Patel\Documents\workspace-sts-3.7.3.RELEASE\WebtoolsProject\src\main\java\com\cinema\pojo\ShowTimings.java
C:\Users\Bhavesh Patel\Documents\workspace-sts-3.7.3.RELEASE\WebtoolsProject\src\main\java\com\cinema\dao\AuditoriumDAO.java
C:\Users\Bhavesh Patel\Documents\workspace-sts-3.7.3.RELEASE\WebtoolsProject\src\main\java\com\cinema\dao\DAO.java
C:\Users\Bhavesh Patel\Documents\workspace-sts-3.7.3.RELEASE\WebtoolsProject\src\main\java\com\cinema\dao\CustomerDAO.java
C:\Users\Bhavesh Patel\Documents\workspace-sts-3.7.3.RELEASE\WebtoolsProject\src\main\java\com\cinema\pojo\Theatre.java
C:\Users\Bhavesh Patel\Documents\workspace-sts-3.7.3.RELEASE\WebtoolsProject\src\main\java\com\cinema\dao\ActressDAO.java
C:\Users\Bhavesh Patel\Documents\workspace-sts-3.7.3.RELEASE\WebtoolsProject\src\main\java\com\cinema\dao\GenreDAO.java
C:\Users\Bhavesh Patel\Documents\workspace-sts-3.7.3.RELEASE\WebtoolsProject\src\main\java\com\cinema\controller\TicketBookingController.java
C:\Users\Bhavesh Patel\Documents\workspace-sts-3.7.3.RELEASE\WebtoolsProject\src\main\java\com\cinema\dao\MovieDAO.java
C:\Users\Bhavesh Patel\Documents\workspace-sts-3.7.3.RELEASE\WebtoolsProject\src\main\java\com\cinema\controller\AddShowTimingsFormController.java
C:\Users\Bhavesh Patel\Documents\workspace-sts-3.7.3.RELEASE\WebtoolsProject\src\main\java\com\cinema\controller\AddMovieFormController.java
C:\Users\Bhavesh Patel\Documents\workspace-sts-3.7.3.RELEASE\WebtoolsProject\src\main\java\com\cinema\pojo\TheatreAdmin.java
C:\Users\Bhavesh Patel\Documents\workspace-sts-3.7.3.RELEASE\WebtoolsProject\src\main\java\com\cinema\controller\AdminController.java
C:\Users\Bhavesh Patel\Documents\workspace-sts-3.7.3.RELEASE\WebtoolsProject\src\main\java\com\cinema\pojo\Customer.java
C:\Users\Bhavesh Patel\Documents\workspace-sts-3.7.3.RELEASE\WebtoolsProject\src\main\java\com\cinema\dao\ActorDAO.java
C:\Users\Bhavesh Patel\Documents\workspace-sts-3.7.3.RELEASE\WebtoolsProject\src\main\java\com\cinema\dao\ShowTimingsDAO.java
C:\Users\Bhavesh Patel\Documents\workspace-sts-3.7.3.RELEASE\WebtoolsProject\src\main\java\com\cinema\pojo\Ticket.java
C:\Users\Bhavesh Patel\Documents\workspace-sts-3.7.3.RELEASE\WebtoolsProject\src\main\java\com\cinema\controller\AddTheatreFormController.java
C:\Users\Bhavesh Patel\Documents\workspace-sts-3.7.3.RELEASE\WebtoolsProject\src\main\java\com\cinema\controller\TheatreValidator.java
C:\Users\Bhavesh Patel\Documents\workspace-sts-3.7.3.RELEASE\WebtoolsProject\src\main\java\com\cinema\pojo\Person.java
C:\Users\Bhavesh Patel\Documents\workspace-sts-3.7.3.RELEASE\WebtoolsProject\src\main\java\com\cinema\dao\TheatreDAO.java
C:\Users\Bhavesh Patel\Documents\workspace-sts-3.7.3.RELEASE\WebtoolsProject\src\main\java\com\cinema\Addons\RandomNumberGenerator.java
C:\Users\Bhavesh Patel\Documents\workspace-sts-3.7.3.RELEASE\WebtoolsProject\src\main\java\com\cinema\pojo\BankAccount.java
C:\Users\Bhavesh Patel\Documents\workspace-sts-3.7.3.RELEASE\WebtoolsProject\src\main\java\com\cinema\pojo\Genre.java
C:\Users\Bhavesh Patel\Documents\workspace-sts-3.7.3.RELEASE\WebtoolsProject\src\main\java\com\cinema\controller\CustomerValidator.java
